<?xml version="1.0" encoding="UTF-8"?>
<testng-results ignored="0" total="1" passed="1" failed="0" skipped="0">
  <reporter-output>
  </reporter-output>
  <suite started-at="2022-12-23T22:43:31 CST" name="Default suite" finished-at="2022-12-23T22:43:50 CST" duration-ms="18569">
    <groups>
    </groups>
    <test started-at="2022-12-23T22:43:31 CST" name="Default test" finished-at="2022-12-23T22:43:50 CST" duration-ms="18569">
      <class name="test1.CalculadoraTNG">
        <test-method is-config="true" signature="setUp()[pri:0, instance:test1.CalculadoraTNG@740cae06]" started-at="2022-12-23T22:43:31 CST" name="setUp" finished-at="2022-12-23T22:43:45 CST" duration-ms="14323" status="PASS">
          <reporter-output>
          </reporter-output>
        </test-method> <!-- setUp -->
        <test-method signature="testSum()[pri:0, instance:test1.CalculadoraTNG@740cae06]" started-at="2022-12-23T22:43:45 CST" name="testSum" finished-at="2022-12-23T22:43:49 CST" duration-ms="4178" status="PASS">
          <reporter-output>
          </reporter-output>
        </test-method> <!-- testSum -->
      </class> <!-- test1.CalculadoraTNG -->
    </test> <!-- Default test -->
  </suite> <!-- Default suite -->
</testng-results>
